<?xml version="1.0" encoding="utf-8"?><testsuites name="pytest tests"><testsuite name="pytest" errors="0" failures="0" skipped="0" tests="18" time="8.061" timestamp="2026-06-06T06:12:51.936248+00:00" hostname="agent-env-c12c4f35-a4c2-4842-ad20-faef15e179b2"><testcase classname="backend.tests.test_admin.TestAdminAuth" name="test_admin_login_returns_is_admin_flag" time="0.598" /><testcase classname="backend.tests.test_admin.TestAdminAuth" name="test_non_admin_login_returns_is_admin_false" time="0.496" /><testcase classname="backend.tests.test_admin.TestAdminUsersEndpoint" name="test_admin_can_list_users" time="0.463" /><testcase classname="backend.tests.test_admin.TestAdminUsersEndpoint" name="test_non_admin_cannot_list_users" time="0.425" /><testcase classname="backend.tests.test_admin.TestAdminUsersEndpoint" name="test_unauthenticated_cannot_list_users" time="0.108" /><testcase classname="backend.tests.test_admin.TestAdminAnalyticsEndpoint" name="test_admin_can_get_analytics" time="0.526" /><testcase classname="backend.tests.test_admin.TestAdminAnalyticsEndpoint" name="test_non_admin_cannot_get_analytics" time="0.473" /><testcase classname="backend.tests.test_admin.TestAdminActivityEndpoint" name="test_admin_can_get_activity" time="0.437" /><testcase classname="backend.tests.test_admin.TestAdminActivityEndpoint" name="test_admin_can_filter_activity_by_action" time="0.122" /><testcase classname="backend.tests.test_admin.TestAdminActivityEndpoint" name="test_non_admin_cannot_get_activity" time="0.418" /><testcase classname="backend.tests.test_admin.TestAdminUserManagement" name="test_admin_can_toggle_user_disabled_flag" time="0.688" /><testcase classname="backend.tests.test_admin.TestAdminUserManagement" name="test_non_admin_cannot_update_user" time="0.641" /><testcase classname="backend.tests.test_admin.TestAdminResetPassword" name="test_admin_can_reset_user_password" time="0.799" /><testcase classname="backend.tests.test_admin.TestAdminResetPassword" name="test_admin_reset_password_validation" time="0.236" /><testcase classname="backend.tests.test_admin.TestAdminResetPassword" name="test_non_admin_cannot_reset_password" time="0.578" /><testcase classname="backend.tests.test_admin.TestAdminSystemControls" name="test_non_admin_cannot_clear_leaderboard" time="0.426" /><testcase classname="backend.tests.test_admin.TestAdminSystemControls" name="test_non_admin_cannot_clear_snapshots" time="0.112" /><testcase classname="backend.tests.test_admin.TestAdminSystemControls" name="test_admin_clear_leaderboard_endpoint_exists" time="0.440" /></testsuite></testsuites>