<?xml version="1.0" encoding="utf-8"?><testsuites name="pytest tests"><testsuite name="pytest" errors="0" failures="0" skipped="0" tests="19" time="8.064" timestamp="2026-06-06T07:18:47.941792+00:00" hostname="agent-env-c12c4f35-a4c2-4842-ad20-faef15e179b2"><testcase classname="backend.tests.test_deploy_whatif.TestSampleDataEndpoints" name="test_loan_approval_csv_returns_1201_lines" time="0.281" /><testcase classname="backend.tests.test_deploy_whatif.TestSampleDataEndpoints" name="test_customer_churn_csv_returns_1501_lines" time="0.171" /><testcase classname="backend.tests.test_deploy_whatif.TestSampleDataEndpoints" name="test_house_prices_csv_returns_1001_lines" time="0.115" /><testcase classname="backend.tests.test_deploy_whatif.TestSampleDataEndpoints" name="test_insurance_csv_returns_1101_lines" time="0.154" /><testcase classname="backend.tests.test_deploy_whatif.TestSampleDataEndpoints" name="test_customer_segmentation_csv_returns_1001_lines" time="0.109" /><testcase classname="backend.tests.test_deploy_whatif.TestDeployEndpoints" name="test_deploy_model_creates_deployment" time="1.110" /><testcase classname="backend.tests.test_deploy_whatif.TestDeployEndpoints" name="test_list_deployments_returns_user_deployments" time="0.392" /><testcase classname="backend.tests.test_deploy_whatif.TestDeployEndpoints" name="test_deploy_requires_auth" time="0.430" /><testcase classname="backend.tests.test_deploy_whatif.TestDeployEndpoints" name="test_list_deployments_requires_auth" time="0.479" /><testcase classname="backend.tests.test_deploy_whatif.TestPublicPredictEndpoints" name="test_get_public_model_info_no_auth" time="0.480" /><testcase classname="backend.tests.test_deploy_whatif.TestPublicPredictEndpoints" name="test_public_predict_no_auth" time="0.483" /><testcase classname="backend.tests.test_deploy_whatif.TestPublicPredictEndpoints" name="test_public_model_info_returns_404_for_invalid_id" time="0.541" /><testcase classname="backend.tests.test_deploy_whatif.TestPublicPredictEndpoints" name="test_public_predict_returns_404_for_invalid_id" time="0.531" /><testcase classname="backend.tests.test_deploy_whatif.TestDeploymentManagement" name="test_disable_deployment" time="0.512" /><testcase classname="backend.tests.test_deploy_whatif.TestDeploymentManagement" name="test_enable_deployment" time="0.451" /><testcase classname="backend.tests.test_deploy_whatif.TestDeploymentManagement" name="test_delete_deployment" time="0.522" /><testcase classname="backend.tests.test_deploy_whatif.TestDeploymentManagement" name="test_delete_requires_auth" time="0.486" /><testcase classname="backend.tests.test_deploy_whatif.TestDeploymentManagement" name="test_toggle_requires_auth" time="0.483" /><testcase classname="backend.tests.test_deploy_whatif.TestHealthEndpoint" name="test_health_endpoint" time="0.101" /></testsuite></testsuites>