<?xml version="1.0" encoding="utf-8"?><testsuites name="pytest tests"><testsuite name="pytest" errors="0" failures="0" skipped="0" tests="7" time="4.032" timestamp="2026-06-06T08:10:11.637522+00:00" hostname="agent-env-c12c4f35-a4c2-4842-ad20-faef15e179b2"><testcase classname="backend.tests.test_pdf_report.TestDeployEndpoints" name="test_health_check" time="0.610" /><testcase classname="backend.tests.test_pdf_report.TestDeployEndpoints" name="test_get_deployments_authenticated" time="0.467" /><testcase classname="backend.tests.test_pdf_report.TestDeployEndpoints" name="test_get_deployments_requires_auth" time="0.426" /><testcase classname="backend.tests.test_pdf_report.TestDeployEndpoints" name="test_post_deploy_requires_auth" time="0.428" /><testcase classname="backend.tests.test_pdf_report.TestDeployEndpoints" name="test_create_and_delete_deployment" time="0.676" /><testcase classname="backend.tests.test_pdf_report.TestDeployEndpoints" name="test_sample_data_available" time="0.935" /><testcase classname="backend.tests.test_pdf_report.TestLeaderboardEndpoints" name="test_get_leaderboard" time="0.441" /></testsuite></testsuites>