<?xml version="1.0" encoding="utf-8"?><testsuites name="pytest tests"><testsuite name="pytest" errors="0" failures="0" skipped="0" tests="10" time="2.462" timestamp="2026-06-06T08:41:35.565074+00:00" hostname="agent-env-c12c4f35-a4c2-4842-ad20-faef15e179b2"><testcase classname="tests.test_preprocess_tune_features.TestHealthAndAuth" name="test_health_endpoint" time="0.127" /><testcase classname="tests.test_preprocess_tune_features.TestHealthAndAuth" name="test_login_success" time="0.328" /><testcase classname="tests.test_preprocess_tune_features.TestHealthAndAuth" name="test_login_invalid_credentials" time="0.134" /><testcase classname="tests.test_preprocess_tune_features.TestDeployEndpoints" name="test_get_deployments_authenticated" time="0.449" /><testcase classname="tests.test_preprocess_tune_features.TestDeployEndpoints" name="test_get_deployments_unauthenticated" time="0.107" /><testcase classname="tests.test_preprocess_tune_features.TestLeaderboardEndpoints" name="test_get_leaderboard" time="0.437" /><testcase classname="tests.test_preprocess_tune_features.TestSampleDatasets" name="test_loan_approval_dataset" time="0.118" /><testcase classname="tests.test_preprocess_tune_features.TestSampleDatasets" name="test_house_prices_dataset" time="0.122" /><testcase classname="tests.test_preprocess_tune_features.TestSnapshotsEndpoints" name="test_get_snapshots" time="0.117" /><testcase classname="tests.test_preprocess_tune_features.TestAdminEndpoints" name="test_admin_users_endpoint" time="0.464" /></testsuite></testsuites>