<?xml version="1.0" encoding="utf-8"?><testsuites name="pytest tests"><testsuite name="pytest" errors="0" failures="0" skipped="0" tests="8" time="4.371" timestamp="2026-06-04T08:02:35.300073+00:00" hostname="agent-env-c12c4f35-a4c2-4842-ad20-faef15e179b2"><testcase classname="backend.tests.test_leaderboard.TestLeaderboardAPI" name="test_01_health_check" time="0.494" /><testcase classname="backend.tests.test_leaderboard.TestLeaderboardAPI" name="test_02_get_leaderboard_empty_or_existing" time="0.441" /><testcase classname="backend.tests.test_leaderboard.TestLeaderboardAPI" name="test_03_save_leaderboard_entry" time="0.530" /><testcase classname="backend.tests.test_leaderboard.TestLeaderboardAPI" name="test_04_save_multiple_entries" time="0.557" /><testcase classname="backend.tests.test_leaderboard.TestLeaderboardAPI" name="test_05_delete_single_entry" time="0.540" /><testcase classname="backend.tests.test_leaderboard.TestLeaderboardAPI" name="test_06_delete_nonexistent_entry" time="0.468" /><testcase classname="backend.tests.test_leaderboard.TestLeaderboardAPI" name="test_07_clear_all_leaderboard" time="0.644" /><testcase classname="backend.tests.test_leaderboard.TestLeaderboardAPI" name="test_08_unauthorized_access" time="0.643" /></testsuite></testsuites>