<?xml version="1.0" encoding="utf-8"?><testsuites name="pytest tests"><testsuite name="pytest" errors="0" failures="0" skipped="0" tests="13" time="6.259" timestamp="2026-03-23T03:44:40.940391+00:00" hostname="agent-env-2a5dcb9b-51e6-4788-b34f-aa3485ed03b7"><testcase classname="backend.tests.test_auth.TestHealthCheck" name="test_health_endpoint" time="0.121" /><testcase classname="backend.tests.test_auth.TestAuthSignup" name="test_signup_success" time="0.345" /><testcase classname="backend.tests.test_auth.TestAuthSignup" name="test_signup_duplicate_email_returns_400" time="0.500" /><testcase classname="backend.tests.test_auth.TestAuthLogin" name="test_login_success" time="0.705" /><testcase classname="backend.tests.test_auth.TestAuthLogin" name="test_login_invalid_password_returns_401" time="0.684" /><testcase classname="backend.tests.test_auth.TestAuthLogin" name="test_login_nonexistent_email_returns_401" time="0.147" /><testcase classname="backend.tests.test_auth.TestAuthMe" name="test_auth_me_with_valid_token" time="0.477" /><testcase classname="backend.tests.test_auth.TestAuthMe" name="test_auth_me_without_token_returns_401" time="0.135" /><testcase classname="backend.tests.test_auth.TestAuthMe" name="test_auth_me_with_invalid_token_returns_401" time="0.117" /><testcase classname="backend.tests.test_auth.TestAuthLogout" name="test_logout_clears_session" time="0.777" /><testcase classname="backend.tests.test_auth.TestPerUserSnapshots" name="test_snapshots_are_per_user" time="1.222" /><testcase classname="backend.tests.test_auth.TestSharedSnapshotNoAuth" name="test_get_snapshot_by_id_no_auth_required" time="0.762" /><testcase classname="backend.tests.test_auth.TestGoogleLoginButtonExists" name="test_google_auth_endpoint_exists" time="0.217" /></testsuite></testsuites>