<?xml version="1.0" encoding="utf-8"?><testsuites name="pytest tests"><testsuite name="pytest" errors="0" failures="0" skipped="0" tests="8" time="2.243" timestamp="2026-03-24T12:28:25.631430+00:00" hostname="agent-env-c12c4f35-a4c2-4842-ad20-faef15e179b2"><testcase classname="backend.tests.test_snapshots.TestHealthCheck" name="test_health_endpoint" time="0.235" /><testcase classname="backend.tests.test_snapshots.TestSnapshotCRUD" name="test_create_snapshot_success" time="0.219" /><testcase classname="backend.tests.test_snapshots.TestSnapshotCRUD" name="test_list_snapshots" time="0.382" /><testcase classname="backend.tests.test_snapshots.TestSnapshotCRUD" name="test_get_snapshot_by_id" time="0.327" /><testcase classname="backend.tests.test_snapshots.TestSnapshotCRUD" name="test_delete_snapshot" time="0.519" /><testcase classname="backend.tests.test_snapshots.TestSnapshotCRUD" name="test_get_nonexistent_snapshot" time="0.100" /><testcase classname="backend.tests.test_snapshots.TestSnapshotCRUD" name="test_delete_nonexistent_snapshot" time="0.109" /><testcase classname="backend.tests.test_snapshots.TestSnapshotCRUD" name="test_snapshot_with_full_analysis_state" time="0.304" /></testsuite></testsuites>