<?xml version="1.0" encoding="utf-8"?><testsuites name="pytest tests"><testsuite name="pytest" errors="0" failures="0" skipped="0" tests="9" time="2.007" timestamp="2026-03-22T05:02:04.792960+00:00" hostname="agent-env-2a5dcb9b-51e6-4788-b34f-aa3485ed03b7"><testcase classname="backend.tests.test_auto_save_share.TestHealthEndpoint" name="test_health_check" time="0.158" /><testcase classname="backend.tests.test_auto_save_share.TestSnapshotCRUD" name="test_list_snapshots" time="0.111" /><testcase classname="backend.tests.test_auto_save_share.TestSnapshotCRUD" name="test_create_snapshot" time="0.116" /><testcase classname="backend.tests.test_auto_save_share.TestSnapshotCRUD" name="test_get_snapshot_by_id" time="0.203" /><testcase classname="backend.tests.test_auto_save_share.TestSnapshotCRUD" name="test_delete_snapshot" time="0.319" /><testcase classname="backend.tests.test_auto_save_share.TestSnapshotCRUD" name="test_snapshot_not_found" time="0.100" /><testcase classname="backend.tests.test_auto_save_share.TestSnapshotStateIntegrity" name="test_snapshot_contains_full_analysis_state" time="0.330" /><testcase classname="backend.tests.test_auto_save_share.TestShareURLFormat" name="test_snapshot_id_format" time="0.199" /><testcase classname="backend.tests.test_auto_save_share.TestAutoSaveScenario" name="test_count_snapshots_before_and_after" time="0.419" /></testsuite></testsuites>