<?xml version="1.0" encoding="utf-8"?><testsuites name="pytest tests"><testsuite name="pytest" errors="0" failures="0" skipped="0" tests="8" time="2.007" timestamp="2026-03-21T06:55:26.201241+00:00" hostname="agent-env-8f4b8c07-5428-42ad-9383-46342efb9010"><testcase classname="backend.tests.test_snapshots.TestHealthCheck" name="test_health_endpoint" time="0.159" /><testcase classname="backend.tests.test_snapshots.TestSnapshotCRUD" name="test_create_snapshot_success" time="0.245" /><testcase classname="backend.tests.test_snapshots.TestSnapshotCRUD" name="test_list_snapshots" time="0.326" /><testcase classname="backend.tests.test_snapshots.TestSnapshotCRUD" name="test_get_snapshot_by_id" time="0.319" /><testcase classname="backend.tests.test_snapshots.TestSnapshotCRUD" name="test_delete_snapshot" time="0.396" /><testcase classname="backend.tests.test_snapshots.TestSnapshotCRUD" name="test_get_nonexistent_snapshot" time="0.095" /><testcase classname="backend.tests.test_snapshots.TestSnapshotCRUD" name="test_delete_nonexistent_snapshot" time="0.094" /><testcase classname="backend.tests.test_snapshots.TestSnapshotCRUD" name="test_snapshot_with_full_analysis_state" time="0.301" /></testsuite></testsuites>